<?xml version="1.0" encoding="UTF-8"?>
<testsuite name="TestaAPI" tests="1" skipped="0" failures="0" errors="0" timestamp="2021-03-16T22:10:38" hostname="LAPTOP-DJI5KJ95" time="11.811">
  <properties/>
  <testcase name="Testo a API do Curso" classname="TestaAPI" time="11.811"/>
  <system-out><![CDATA[4
1162
Selenium Python
Selenium Python
50
Cypress
40
RPA
45
Appium
36
10
]]></system-out>
  <system-err><![CDATA[]]></system-err>
</testsuite>
