<?xml version="1.0" encoding="UTF-8"?>
<testsuite name="DynamicJson" tests="1" skipped="0" failures="0" errors="0" timestamp="2021-04-11T22:29:20" hostname="LAPTOP-DJI5KJ95" time="2.595">
  <properties/>
  <testcase name="addBook()" classname="DynamicJson" time="2.595"/>
  <system-out><![CDATA[Request method:	POST
Request URI:	http://216.10.245.166/Library/Addbook.php
Proxy:			<none>
Request params:	<none>
Query params:	<none>
Form params:	<none>
Path params:	<none>
Headers:		Accept=*/*
				Content-Type=application/json; charset=UTF-8
Cookies:		<none>
Multiparts:		<none>
Body:
{
    "name": "Learn Appium Automation with Java",
    "isbn": "6464",
    "aisle": "adsfs",
    "author": "John Foe"
}
HTTP/1.1 200 OK
Date: Sun, 11 Apr 2021 22:29:24 GMT
Server: Apache
Access-Control-Allow-Origin: *
Access-Control-Allow-Methods: POST
Access-Control-Max-Age: 3600
Access-Control-Allow-Headers: Content-Type, Access-Control-Allow-Headers, Authorization, X-Requested-With
Keep-Alive: timeout=5, max=100
Connection: Keep-Alive
Transfer-Encoding: chunked
Content-Type: application/json;charset=UTF-8

{
    "Msg": "successfully added",
    "ID": "6464adsfs"
}
6464adsfs
]]></system-out>
  <system-err><![CDATA[]]></system-err>
</testsuite>
